<?xml version="1.0" encoding="UTF-8"?>
<!-- Generated by org.testng.reporters.JUnitReportReporter -->
<testsuite hostname="DESKTOP-31B80VT" failures="0" tests="1" name="restApi.PutRequest" time="4.414" errors="0" timestamp="30 Jun 2022 09:14:42 GMT" skipped="0">
  <testcase classname="restApi.PutRequest" name="test1" time="4.414"/>
</testsuite> <!-- restApi.PutRequest -->
