<?xml version="1.0" encoding="UTF-8"?>
<!-- Generated by org.testng.reporters.JUnitReportReporter -->
<testsuite hostname="DESKTOP-31B80VT" failures="0" tests="1" name="restApi.PostRequest" time="2.253" errors="0" timestamp="29 Jun 2022 17:39:10 GMT" skipped="0">
  <testcase classname="restApi.PostRequest" name="test1" time="2.253"/>
</testsuite> <!-- restApi.PostRequest -->
