<?xml version="1.0" encoding="UTF-8"?>
<!-- Generated by org.testng.reporters.JUnitReportReporter -->
<testsuite hostname="DESKTOP-31B80VT" failures="0" tests="3" name="restBDD.GetrequestBDD" time="7.281" errors="0" timestamp="01 Aug 2022 16:03:49 GMT" skipped="0">
  <testcase classname="restBDD.GetrequestBDD" name="test2" time="2.233"/>
  <testcase classname="restBDD.GetrequestBDD" name="test3" time="0.231"/>
  <testcase classname="restBDD.GetrequestBDD" name="test1" time="4.817"/>
</testsuite> <!-- restBDD.GetrequestBDD -->
