<?xml version="1.0" encoding="UTF-8"?>
<!-- Generated by org.testng.reporters.JUnitReportReporter -->
<testsuite hostname="DESKTOP-31B80VT" failures="0" tests="1" name="restApi.DeleteRquest" time="3.420" errors="0" timestamp="30 Jun 2022 09:30:29 GMT" skipped="0">
  <testcase classname="restApi.DeleteRquest" name="test1" time="3.420"/>
</testsuite> <!-- restApi.DeleteRquest -->
