<?xml version="1.0" encoding="UTF-8"?>
<!-- Generated by org.testng.reporters.JUnitReportReporter -->
<testsuite hostname="DESKTOP-31B80VT" failures="0" tests="2" name="restApiXML.XMLTest" time="6.393" errors="0" timestamp="01 Aug 2022 16:40:29 GMT" skipped="0">
  <testcase classname="restApiXML.XMLTest" name="test1" time="4.088"/>
  <testcase classname="restApiXML.XMLTest" name="test2" time="2.305"/>
</testsuite> <!-- restApiXML.XMLTest -->
