<?xml version="1.0" encoding="UTF-8"?>
<!-- Generated by org.testng.reporters.JUnitReportReporter -->
<testsuite hostname="DESKTOP-31B80VT" failures="0" tests="1" name="restBDD.DeleteRequest" time="4.942" errors="0" timestamp="01 Aug 2022 16:07:06 GMT" skipped="0">
  <testcase classname="restBDD.DeleteRequest" name="test1" time="4.942"/>
</testsuite> <!-- restBDD.DeleteRequest -->
