<?xml version="1.0" encoding="UTF-8"?>
<!-- Generated by org.testng.reporters.JUnitReportReporter -->
<testsuite hostname="DESKTOP-31B80VT" failures="0" tests="1" name="restApi.PostRequestWithJsonObject" time="2.917" errors="0" timestamp="29 Jun 2022 17:51:38 GMT" skipped="0">
  <testcase classname="restApi.PostRequestWithJsonObject" name="test1" time="2.917"/>
</testsuite> <!-- restApi.PostRequestWithJsonObject -->
