<?xml version="1.0" encoding="UTF-8"?>
<!-- Generated by org.testng.reporters.JUnitReportReporter -->
<testsuite hostname="DESKTOP-31B80VT" failures="0" tests="1" name="restBDD.PutRequestBDD" time="7.162" errors="0" timestamp="01 Aug 2022 16:02:10 GMT" skipped="0">
  <testcase classname="restBDD.PutRequestBDD" name="test1" time="7.162"/>
</testsuite> <!-- restBDD.PutRequestBDD -->
