<?xml version="1.0" encoding="UTF-8"?>
<!-- Generated by org.testng.reporters.JUnitReportReporter -->
<testsuite hostname="DESKTOP-31B80VT" failures="0" tests="1" name="restApi.PostRequestWithMap" time="3.427" errors="0" timestamp="29 Jun 2022 17:58:13 GMT" skipped="0">
  <testcase classname="restApi.PostRequestWithMap" name="test1" time="3.427"/>
</testsuite> <!-- restApi.PostRequestWithMap -->
