<?xml version="1.0" encoding="UTF-8"?>
<!-- Generated by org.testng.reporters.JUnitReportReporter -->
<testsuite hostname="DESKTOP-31B80VT" failures="0" tests="1" name="apiChaining.EndToEndTest" time="6.166" errors="0" timestamp="31 Jul 2022 18:57:40 GMT" skipped="0">
  <testcase classname="apiChaining.EndToEndTest" name="test1" time="6.166"/>
</testsuite> <!-- apiChaining.EndToEndTest -->
