<?xml version="1.0" encoding="UTF-8"?>
<!-- Generated by org.testng.reporters.JUnitReportReporter -->
<testsuite hostname="DESKTOP-31B80VT" failures="0" tests="1" name="restApi.GetRequest" time="4.911" errors="0" timestamp="30 Jun 2022 09:30:45 GMT" skipped="0">
  <testcase classname="restApi.GetRequest" name="test" time="4.911"/>
</testsuite> <!-- restApi.GetRequest -->
