<?xml version="1.0" encoding="UTF-8"?>
<!-- Generated by org.testng.reporters.JUnitReportReporter -->
<testsuite hostname="DESKTOP-31B80VT" failures="0" tests="2" name="github.EndToEndTest" time="6.243" errors="0" timestamp="01 Aug 2022 06:57:46 GMT" skipped="0">
  <testcase classname="github.EndToEndTest" name="test1" time="5.478"/>
  <testcase classname="github.EndToEndTest" name="test2" time="0.765"/>
</testsuite> <!-- github.EndToEndTest -->
