<?xml version="1.0" encoding="UTF-8"?>
<!-- Generated by org.testng.reporters.JUnitReportReporter -->
<testsuite hostname="DESKTOP-31B80VT" failures="0" tests="1" name="restApi.GetRequestWithParams" time="2.871" errors="0" timestamp="29 Jun 2022 17:13:58 GMT" skipped="0">
  <testcase classname="restApi.GetRequestWithParams" name="test" time="2.871"/>
</testsuite> <!-- restApi.GetRequestWithParams -->
