<?xml version="1.0" encoding="UTF-8"?>
<!-- Generated by org.testng.reporters.JUnitReportReporter -->
<testsuite hostname="DESKTOP-31B80VT" failures="0" tests="1" name="restBDD.PostRequestBDD" time="7.582" errors="0" timestamp="01 Aug 2022 15:57:56 GMT" skipped="0">
  <testcase classname="restBDD.PostRequestBDD" name="test1" time="7.582"/>
</testsuite> <!-- restBDD.PostRequestBDD -->
