<?xml version="1.0" encoding="UTF-8"?>
<!-- Generated by org.testng.reporters.JUnitReportReporter -->
<testsuite hostname="DESKTOP-31B80VT" failures="0" tests="1" name="restApi.PostRequestWithFile" time="7.083" errors="0" timestamp="30 Jun 2022 06:00:56 GMT" skipped="0">
  <testcase classname="restApi.PostRequestWithFile" name="test1" time="7.083"/>
</testsuite> <!-- restApi.PostRequestWithFile -->
